app/build/intermediates/manifest_merge_blame_file/debug/manifest-merger-blame-debug-report.txt
1<?xml version="1.0" encoding="utf-8"?>
2<manifest xmlns:android="http://schemas.android.com/apk/res/android"
3    package="com.mateusz.wycieczka"
4    android:versionCode="1"
5    android:versionName="1.0" >
6
7    <uses-sdk
8        android:minSdkVersion="21"
8-->src\main\AndroidManifest.xml
9        android:targetSdkVersion="32" />
9-->src\main\AndroidManifest.xml
10
11    <application
11-->src\main\AndroidManifest.xml:5:5-31:19
12        android:allowBackup="true"
12-->src\main\AndroidManifest.xml:6:9-35
13        android:appComponentFactory="androidx.core.app.CoreComponentFactory"
13-->[androidx.core:core:1.8.0] AndroidManifest.xml:24:18-86
14        android:dataExtractionRules="@xml/data_extraction_rules"
14-->src\main\AndroidManifest.xml:7:9-65
15        android:debuggable="true"
16        android:fullBackupContent="@xml/backup_rules"
16-->src\main\AndroidManifest.xml:8:9-54
17        android:icon="@mipmap/ic_launcher"
17-->src\main\AndroidManifest.xml:9:9-43
18        android:label="@string/app_name"
18-->src\main\AndroidManifest.xml:10:9-41
19        android:roundIcon="@mipmap/ic_launcher_round"
19-->src\main\AndroidManifest.xml:11:9-54
20        android:supportsRtl="true"
20-->src\main\AndroidManifest.xml:12:9-35
21        android:testOnly="true"
22        android:theme="@style/Theme.Wycieczka" >
22-->src\main\AndroidManifest.xml:13:9-47
23        <activity
23-->src\main\AndroidManifest.xml:15:9-23:20
24            android:name="com.mateusz.wycieczka.MainActivity2"
24-->src\main\AndroidManifest.xml:16:13-42
25            android:exported="true" >
25-->src\main\AndroidManifest.xml:17:13-36
26            <intent-filter>
26-->src\main\AndroidManifest.xml:18:13-22:29
27                <action android:name="android.intent.action.MAIN" />
27-->src\main\AndroidManifest.xml:19:17-69
27-->src\main\AndroidManifest.xml:19:25-66
28
29                <category android:name="android.intent.category.LAUNCHER" />
29-->src\main\AndroidManifest.xml:21:17-77
29-->src\main\AndroidManifest.xml:21:27-74
30            </intent-filter>
31        </activity>
32        <activity
32-->src\main\AndroidManifest.xml:24:9-30:20
33            android:name="com.mateusz.wycieczka.MainActivity"
33-->src\main\AndroidManifest.xml:25:13-41
34            android:exported="false" >
34-->src\main\AndroidManifest.xml:26:13-37
35            <meta-data
35-->src\main\AndroidManifest.xml:27:13-29:36
36                android:name="android.app.lib_name"
36-->src\main\AndroidManifest.xml:28:17-52
37                android:value="" />
37-->src\main\AndroidManifest.xml:29:17-33
38        </activity>
39
40        <provider
40-->[androidx.emoji2:emoji2:1.2.0] AndroidManifest.xml:24:9-32:20
41            android:name="androidx.startup.InitializationProvider"
41-->[androidx.emoji2:emoji2:1.2.0] AndroidManifest.xml:25:13-67
42            android:authorities="com.mateusz.wycieczka.androidx-startup"
42-->[androidx.emoji2:emoji2:1.2.0] AndroidManifest.xml:26:13-68
43            android:exported="false" >
43-->[androidx.emoji2:emoji2:1.2.0] AndroidManifest.xml:27:13-37
44            <meta-data
44-->[androidx.emoji2:emoji2:1.2.0] AndroidManifest.xml:29:13-31:52
45                android:name="androidx.emoji2.text.EmojiCompatInitializer"
45-->[androidx.emoji2:emoji2:1.2.0] AndroidManifest.xml:30:17-75
46                android:value="androidx.startup" />
46-->[androidx.emoji2:emoji2:1.2.0] AndroidManifest.xml:31:17-49
47            <meta-data
47-->[androidx.lifecycle:lifecycle-process:2.4.1] AndroidManifest.xml:31:13-33:52
48                android:name="androidx.lifecycle.ProcessLifecycleInitializer"
48-->[androidx.lifecycle:lifecycle-process:2.4.1] AndroidManifest.xml:32:17-78
49                android:value="androidx.startup" />
49-->[androidx.lifecycle:lifecycle-process:2.4.1] AndroidManifest.xml:33:17-49
50        </provider>
51    </application>
52
53</manifest>